time="2023-06-06 09:11:42" level=info msg=controller.Login
time="2023-06-06 09:11:42" level=info msg=contactService.FindByEmailOrPhoneNumber
time="2023-06-06 09:11:42" level=info msg=contactRepository.FindByEmailOrPhoneNumber
time="2023-06-06 09:11:42" level=error msg="record not found"
time="2023-06-06 09:11:42" level=info msg="success contactService.FindByEmailOrPhoneNumber"
time="2023-06-06 09:11:42" level=info msg=request URI=/api/v1/auth/login status=400
time="2023-06-06 09:14:04" level=info msg=controller.Login
time="2023-06-06 09:14:04" level=info msg=contactService.FindByEmailOrPhoneNumber
time="2023-06-06 09:14:04" level=info msg=contactRepository.FindByEmailOrPhoneNumber
time="2023-06-06 09:14:04" level=error msg="record not found"
time="2023-06-06 09:14:04" level=info msg="success contactService.FindByEmailOrPhoneNumber"
time="2023-06-06 09:14:04" level=info msg=request URI=/api/v1/auth/login error="<nil>" status=400
time="2023-06-06 09:25:27" level=info msg=controller.Login
time="2023-06-06 09:25:27" level=info msg=contactService.FindByEmailOrPhoneNumber
time="2023-06-06 09:25:27" level=info msg=contactRepository.FindByEmailOrPhoneNumber
time="2023-06-06 09:25:27" level=error msg="record not found"
time="2023-06-06 09:25:27" level=info msg="success contactService.FindByEmailOrPhoneNumber"
time="2023-06-06 09:25:27" level=info msg=request URI=/api/v1/auth/login status=400
time="2023-06-06 09:30:40" level=info msg=controller.Login
time="2023-06-06 09:30:40" level=info msg="request body" requestBody="{081278160990 12345678}"
time="2023-06-06 09:30:40" level=info msg=contactService.FindByEmailOrPhoneNumber
time="2023-06-06 09:30:40" level=info msg=contactRepository.FindByEmailOrPhoneNumber
time="2023-06-06 09:30:40" level=error msg="record not found"
time="2023-06-06 09:30:40" level=info msg="success contactService.FindByEmailOrPhoneNumber"
time="2023-06-06 09:30:40" level=info msg=request URI=/api/v1/auth/login status=400
time="2023-06-06 09:40:38" level=info msg=controller.Login
time="2023-06-06 09:40:38" level=info msg="request body" requestBody="{081278160990 12345678}"
time="2023-06-06 09:40:38" level=info msg=contactService.FindByEmailOrPhoneNumber
time="2023-06-06 09:40:38" level=info msg=contactRepository.FindByEmailOrPhoneNumber
time="2023-06-06 09:40:38" level=error msg="record not found"
time="2023-06-06 09:40:38" level=error msg="record not found"
time="2023-06-06 09:40:38" level=info msg="success contactService.FindByEmailOrPhoneNumber"
time="2023-06-06 09:40:38" level=info msg=request URI=/api/v1/auth/login status=400
time="2023-06-06 09:52:32" level=info msg=controller.Login
time="2023-06-06 09:52:32" level=info msg="request body" requestBody="{081278160990 12345678}"
time="2023-06-06 09:52:32" level=info msg=contactService.FindByEmailOrPhoneNumber
time="2023-06-06 09:52:32" level=info msg=contactRepository.FindByEmailOrPhoneNumber
time="2023-06-06 09:52:32" level=error msg="record not found"
time="2023-06-06 09:52:32" level=error msg="record not found"
time="2023-06-06 09:52:32" level=info msg="success contactService.FindByEmailOrPhoneNumber"
time="2023-06-06 09:52:32" level=info msg=request URI=/api/v1/auth/login status=400
time="2023-06-06 09:52:43" level=info msg=controller.Create
time="2023-06-06 09:52:43" level=info msg="request body" requestBody="{  12345678 081278160990 }"
time="2023-06-06 09:52:43" level=info msg=request URI=/api/v1/auth/register status=422
time="2023-06-06 09:55:18" level=info msg=controller.Create
time="2023-06-06 09:55:18" level=info msg="request body" requestBody="{  12345678 081278160990 }"
time="2023-06-06 09:55:18" level=info msg=request URI=/api/v1/auth/register status=422
time="2023-06-06 09:56:24" level=info msg=controller.Create
time="2023-06-06 09:56:24" level=info msg="request body" requestBody="{mahfuzon akhiar  12345678 081278160990 Jl. Purwodadi}"
time="2023-06-06 09:56:24" level=info msg=contactService.FindByEmailOrPhoneNumber
time="2023-06-06 09:56:24" level=info msg=contactRepository.FindByEmailOrPhoneNumber
time="2023-06-06 09:56:24" level=error msg="record not found"
time="2023-06-06 09:56:24" level=error msg="record not found"
time="2023-06-06 09:56:24" level=info msg="success contactService.FindByEmailOrPhoneNumber"
time="2023-06-06 09:56:24" level=info msg=HashPassword
time="2023-06-06 09:56:24" level=info msg="success HashPassword"
time="2023-06-06 09:56:24" level=info msg=contactService.Create
time="2023-06-06 09:56:24" level=info msg="masuk ke contact repository create"
time="2023-06-06 09:56:24" level=info msg="success create contact"
time="2023-06-06 09:56:24" level=info msg="success contactService.Create"
time="2023-06-06 09:56:24" level=info msg="success controller.Create"
time="2023-06-06 09:56:24" level=info msg=request URI=/api/v1/auth/register status=200
time="2023-06-06 09:59:02" level=info msg=controller.Create
time="2023-06-06 09:59:02" level=info msg="request body" requestBody="{mahfuzon akhiar  12345678 081278160990 Jl. Purwodadi}"
time="2023-06-06 09:59:02" level=info msg=contactService.FindByEmailOrPhoneNumber
time="2023-06-06 09:59:02" level=info msg=contactRepository.FindByEmailOrPhoneNumber
time="2023-06-06 09:59:02" level=info msg="success contactRepository.FindByEmailOrPhoneNumber"
time="2023-06-06 09:59:02" level=info msg="success contactService.FindByEmailOrPhoneNumber"
time="2023-06-06 09:59:02" level=info msg=request URI=/api/v1/auth/register status=400
